<?xml version="1.0" encoding="UTF-8"?>
<!-- Generated by org.testng.reporters.JUnitReportReporter -->
<testsuite hostname="LQA-HAMIDMUNIR" failures="0" tests="1" name="Tests.Scheduling" time="281.849" errors="0"
           timestamp="26 Jul 2021 08:24:30 GMT" skipped="0">
    <testcase classname="Tests.Scheduling" name="scheduleVisit_Primary_Care_Unsigned" time="281.849"/>
</testsuite> <!-- Tests.Scheduling -->
